<?xml version="1.0" encoding="UTF-8"?>
<testsuite xmlns:xsi="http://www.w3.org/2001/XMLSchema-instance" xsi:noNamespaceSchemaLocation="https://maven.apache.org/surefire/maven-surefire-plugin/xsd/surefire-test-report-3.0.xsd" version="3.0" name="com.tqs.BookTest" time="0.161" tests="4" errors="0" skipped="0" failures="0">
  <properties>
[...]
</properties>
  <testcase name="Book search - Search books by publication year" classname="Book search" time="0.063"/>
  <testcase name="Book search - Search books by author" classname="Book search" time="0.009"/>
  <testcase name="Book search - Search books by category" classname="Book search" time="0.007"/>
  <testcase name="Book search - Correct non-zero number of books found by author" classname="Book search" time="0.009"/>
</testsuite>